# JRE version: OpenJDK Runtime Environment (8.0_152-b39) (build 1.8.0_152-release-1136-b39)
# Java VM: OpenJDK 64-Bit Server VM (25.152-b39 mixed mode windows-amd64 compressed oops)
Heap:
 par new generation   total 39296K, used 5255K [0x00000000d1200000, 0x00000000d3ca0000, 0x00000000db860000)
  eden space 34944K,   2% used [0x00000000d1200000, 0x00000000d12e1c98, 0x00000000d3420000)
  from space 4352K, 100% used [0x00000000d3860000, 0x00000000d3ca0000, 0x00000000d3ca0000)
  to   space 4352K,   0% used [0x00000000d3420000, 0x00000000d3420000, 0x00000000d3860000)
 concurrent mark-sweep generation total 87424K, used 12535K [0x00000000db860000, 0x00000000e0dc0000, 0x0000000100000000)
 Metaspace       used 17608K, capacity 17877K, committed 18304K, reserved 1064960K
  class space    used 1960K, capacity 2082K, committed 2176K, reserved 1048576K
GC Heap History (6 events):
Event: 14.117 GC heap before
{Heap before GC invocations=0 (full 0):
 par new generation   total 39296K, used 34944K [0x00000000d1200000, 0x00000000d3ca0000, 0x00000000db860000)
  eden space 34944K, 100% used [0x00000000d1200000, 0x00000000d3420000, 0x00000000d3420000)
  from space 4352K,   0% used [0x00000000d3420000, 0x00000000d3420000, 0x00000000d3860000)
  to   space 4352K,   0% used [0x00000000d3860000, 0x00000000d3860000, 0x00000000d3ca0000)
 concurrent mark-sweep generation total 87424K, used 0K [0x00000000db860000, 0x00000000e0dc0000, 0x0000000100000000)
 Metaspace       used 6100K, capacity 6247K, committed 6400K, reserved 1056768K
  class space    used 638K, capacity 697K, committed 768K, reserved 1048576K
Event: 14.154 GC heap after
Heap after GC invocations=1 (full 0):
 par new generation   total 39296K, used 3046K [0x00000000d1200000, 0x00000000d3ca0000, 0x00000000db860000)
  eden space 34944K,   0% used [0x00000000d1200000, 0x00000000d1200000, 0x00000000d3420000)
  from space 4352K,  70% used [0x00000000d3860000, 0x00000000d3b59a00, 0x00000000d3ca0000)
  to   space 4352K,   0% used [0x00000000d3420000, 0x00000000d3420000, 0x00000000d3860000)
 concurrent mark-sweep generation total 87424K, used 0K [0x00000000db860000, 0x00000000e0dc0000, 0x0000000100000000)
 Metaspace       used 6100K, capacity 6247K, committed 6400K, reserved 1056768K
  class space    used 638K, capacity 697K, committed 768K, reserved 1048576K
}
Event: 16.394 GC heap before
{Heap before GC invocations=1 (full 0):
 par new generation   total 39296K, used 37990K [0x00000000d1200000, 0x00000000d3ca0000, 0x00000000db860000)
  eden space 34944K, 100% used [0x00000000d1200000, 0x00000000d3420000, 0x00000000d3420000)
  from space 4352K,  70% used [0x00000000d3860000, 0x00000000d3b59a00, 0x00000000d3ca0000)
  to   space 4352K,   0% used [0x00000000d3420000, 0x00000000d3420000, 0x00000000d3860000)
 concurrent mark-sweep generation total 87424K, used 0K [0x00000000db860000, 0x00000000e0dc0000, 0x0000000100000000)
 Metaspace       used 6136K, capacity 6311K, committed 6400K, reserved 1056768K
  class space    used 638K, capacity 697K, committed 768K, reserved 1048576K
Event: 16.593 GC heap after
Heap after GC invocations=2 (full 0):
 par new generation   total 39296K, used 4352K [0x00000000d1200000, 0x00000000d3ca0000, 0x00000000db860000)
  eden space 34944K,   0% used [0x00000000d1200000, 0x00000000d1200000, 0x00000000d3420000)
  from space 4352K, 100% used [0x00000000d3420000, 0x00000000d3860000, 0x00000000d3860000)
  to   space 4352K,   0% used [0x00000000d3860000, 0x00000000d3860000, 0x00000000d3ca0000)
 concurrent mark-sweep generation total 87424K, used 7054K [0x00000000db860000, 0x00000000e0dc0000, 0x0000000100000000)
 Metaspace       used 6136K, capacity 6311K, committed 6400K, reserved 1056768K
  class space    used 638K, capacity 697K, committed 768K, reserved 1048576K
}
Event: 27.912 GC heap before
{Heap before GC invocations=2 (full 0):
 par new generation   total 39296K, used 39285K [0x00000000d1200000, 0x00000000d3ca0000, 0x00000000db860000)
  eden space 34944K,  99% used [0x00000000d1200000, 0x00000000d341d7e8, 0x00000000d3420000)
  from space 4352K, 100% used [0x00000000d3420000, 0x00000000d3860000, 0x00000000d3860000)
  to   space 4352K,   0% used [0x00000000d3860000, 0x00000000d3860000, 0x00000000d3ca0000)
 concurrent mark-sweep generation total 87424K, used 7054K [0x00000000db860000, 0x00000000e0dc0000, 0x0000000100000000)
 Metaspace       used 16558K, capacity 16917K, committed 17152K, reserved 1064960K
  class space    used 1815K, capacity 1954K, committed 2048K, reserved 1048576K
Event: 28.074 GC heap after
Heap after GC invocations=3 (full 0):
 par new generation   total 39296K, used 4352K [0x00000000d1200000, 0x00000000d3ca0000, 0x00000000db860000)
  eden space 34944K,   0% used [0x00000000d1200000, 0x00000000d1200000, 0x00000000d3420000)
  from space 4352K, 100% used [0x00000000d3860000, 0x00000000d3ca0000, 0x00000000d3ca0000)
  to   space 4352K,   0% used [0x00000000d3420000, 0x00000000d3420000, 0x00000000d3860000)
 concurrent mark-sweep generation total 87424K, used 12535K [0x00000000db860000, 0x00000000e0dc0000, 0x0000000100000000)
 Metaspace       used 16558K, capacity 16917K, committed 17152K, reserved 1064960K
  class space    used 1815K, capacity 1954K, committed 2048K, reserved 1048576K
}

