# JRE version: OpenJDK Runtime Environment (8.0_152-b39) (build 1.8.0_152-release-1136-b39)
# Java VM: OpenJDK 64-Bit Server VM (25.152-b39 mixed mode windows-amd64 compressed oops)
Heap:
 par new generation   total 39296K, used 5315K [0x00000000d1200000, 0x00000000d3ca0000, 0x00000000db860000)
  eden space 34944K,   2% used [0x00000000d1200000, 0x00000000d12f0d98, 0x00000000d3420000)
  from space 4352K, 100% used [0x00000000d3860000, 0x00000000d3ca0000, 0x00000000d3ca0000)
  to   space 4352K,   0% used [0x00000000d3420000, 0x00000000d3420000, 0x00000000d3860000)
 concurrent mark-sweep generation total 87424K, used 11960K [0x00000000db860000, 0x00000000e0dc0000, 0x0000000100000000)
 Metaspace       used 17636K, capacity 17941K, committed 18304K, reserved 1064960K
  class space    used 1959K, capacity 2082K, committed 2176K, reserved 1048576K
GC Heap History (6 events):
Event: 15.094 GC heap before
{Heap before GC invocations=0 (full 0):
 par new generation   total 39296K, used 34944K [0x00000000d1200000, 0x00000000d3ca0000, 0x00000000db860000)
  eden space 34944K, 100% used [0x00000000d1200000, 0x00000000d3420000, 0x00000000d3420000)
  from space 4352K,   0% used [0x00000000d3420000, 0x00000000d3420000, 0x00000000d3860000)
  to   space 4352K,   0% used [0x00000000d3860000, 0x00000000d3860000, 0x00000000d3ca0000)
 concurrent mark-sweep generation total 87424K, used 0K [0x00000000db860000, 0x00000000e0dc0000, 0x0000000100000000)
 Metaspace       used 6109K, capacity 6247K, committed 6400K, reserved 1056768K
  class space    used 638K, capacity 697K, committed 768K, reserved 1048576K
Event: 15.117 GC heap after
Heap after GC invocations=1 (full 0):
 par new generation   total 39296K, used 3269K [0x00000000d1200000, 0x00000000d3ca0000, 0x00000000db860000)
  eden space 34944K,   0% used [0x00000000d1200000, 0x00000000d1200000, 0x00000000d3420000)
  from space 4352K,  75% used [0x00000000d3860000, 0x00000000d3b914b0, 0x00000000d3ca0000)
  to   space 4352K,   0% used [0x00000000d3420000, 0x00000000d3420000, 0x00000000d3860000)
 concurrent mark-sweep generation total 87424K, used 0K [0x00000000db860000, 0x00000000e0dc0000, 0x0000000100000000)
 Metaspace       used 6109K, capacity 6247K, committed 6400K, reserved 1056768K
  class space    used 638K, capacity 697K, committed 768K, reserved 1048576K
}
Event: 16.465 GC heap before
{Heap before GC invocations=1 (full 0):
 par new generation   total 39296K, used 38213K [0x00000000d1200000, 0x00000000d3ca0000, 0x00000000db860000)
  eden space 34944K, 100% used [0x00000000d1200000, 0x00000000d3420000, 0x00000000d3420000)
  from space 4352K,  75% used [0x00000000d3860000, 0x00000000d3b914b0, 0x00000000d3ca0000)
  to   space 4352K,   0% used [0x00000000d3420000, 0x00000000d3420000, 0x00000000d3860000)
 concurrent mark-sweep generation total 87424K, used 0K [0x00000000db860000, 0x00000000e0dc0000, 0x0000000100000000)
 Metaspace       used 6146K, capacity 6311K, committed 6400K, reserved 1056768K
  class space    used 638K, capacity 697K, committed 768K, reserved 1048576K
Event: 16.669 GC heap after
Heap after GC invocations=2 (full 0):
 par new generation   total 39296K, used 4352K [0x00000000d1200000, 0x00000000d3ca0000, 0x00000000db860000)
  eden space 34944K,   0% used [0x00000000d1200000, 0x00000000d1200000, 0x00000000d3420000)
  from space 4352K, 100% used [0x00000000d3420000, 0x00000000d3860000, 0x00000000d3860000)
  to   space 4352K,   0% used [0x00000000d3860000, 0x00000000d3860000, 0x00000000d3ca0000)
 concurrent mark-sweep generation total 87424K, used 7309K [0x00000000db860000, 0x00000000e0dc0000, 0x0000000100000000)
 Metaspace       used 6146K, capacity 6311K, committed 6400K, reserved 1056768K
  class space    used 638K, capacity 697K, committed 768K, reserved 1048576K
}
Event: 28.078 GC heap before
{Heap before GC invocations=2 (full 0):
 par new generation   total 39296K, used 39296K [0x00000000d1200000, 0x00000000d3ca0000, 0x00000000db860000)
  eden space 34944K, 100% used [0x00000000d1200000, 0x00000000d3420000, 0x00000000d3420000)
  from space 4352K, 100% used [0x00000000d3420000, 0x00000000d3860000, 0x00000000d3860000)
  to   space 4352K,   0% used [0x00000000d3860000, 0x00000000d3860000, 0x00000000d3ca0000)
 concurrent mark-sweep generation total 87424K, used 7309K [0x00000000db860000, 0x00000000e0dc0000, 0x0000000100000000)
 Metaspace       used 17468K, capacity 17749K, committed 18048K, reserved 1064960K
  class space    used 1943K, capacity 2082K, committed 2176K, reserved 1048576K
Event: 28.139 GC heap after
Heap after GC invocations=3 (full 0):
 par new generation   total 39296K, used 4352K [0x00000000d1200000, 0x00000000d3ca0000, 0x00000000db860000)
  eden space 34944K,   0% used [0x00000000d1200000, 0x00000000d1200000, 0x00000000d3420000)
  from space 4352K, 100% used [0x00000000d3860000, 0x00000000d3ca0000, 0x00000000d3ca0000)
  to   space 4352K,   0% used [0x00000000d3420000, 0x00000000d3420000, 0x00000000d3860000)
 concurrent mark-sweep generation total 87424K, used 11960K [0x00000000db860000, 0x00000000e0dc0000, 0x0000000100000000)
 Metaspace       used 17468K, capacity 17749K, committed 18048K, reserved 1064960K
  class space    used 1943K, capacity 2082K, committed 2176K, reserved 1048576K
}

